IQ-TREE multicore version 2.0.3 for Linux 64-bit built Dec 20 2020
Developed by Bui Quang Minh, Nguyen Lam Tung, Olga Chernomor,
Heiko Schmidt, Dominik Schrempf, Michael Woodhams.

Host:    John (AVX2, FMA3, 12 GB RAM)
Command: iqtree -ninit 2 -n 2 -me 0.05 -nt 1 -s Practical1_Data/aligned-delim.fasta -m GTR
Seed:    490569 (Using SPRNG - Scalable Parallel Random Number Generator)
Time:    Thu Jan 28 17:12:11 2021
Kernel:  AVX+FMA - 1 threads (8 CPU cores detected)

HINT: Use -nt option to specify number of threads because your CPU has 8 cores!
HINT: -nt AUTO will automatically determine the best number of threads to use.

Reading alignment file Practical1_Data/aligned-delim.fasta ... Fasta format detected
Alignment most likely contains DNA/RNA sequences
Alignment has 8 sequences with 2000 columns, 445 distinct patterns
307 parsimony-informative, 489 singleton sites, 1204 constant sites
           Gap/Ambiguity  Composition  p-value
   1  Cassowary    0.75%    passed     98.88%
   2  Emu          0.70%    passed     94.75%
   3  Kiwi         0.65%    passed     95.65%
   4  Moa          0.45%    passed     85.27%
   5  Ostrich      0.40%    passed     97.39%
   6  Chicken      0.00%    passed     63.87%
   7  Tinamou      0.40%    passed     89.80%
   8  Rhea         0.85%    passed     96.90%
****  TOTAL        0.53%  0 sequences failed composition chi2 test (p-value<5%; df=3)

Create initial parsimony tree by phylogenetic likelihood library (PLL)... 0.003 seconds

NOTE: 0 MB RAM (0 GB) is required!
Estimate model parameters (epsilon = 0.500)
1. Initial log-likelihood: -8763.127
2. Current log-likelihood: -8461.278
3. Current log-likelihood: -8460.566
Optimal log-likelihood: -8460.566
Rate parameters:  A-C: 0.68234  A-G: 2.10997  A-T: 0.37081  C-G: 0.36673  C-T: 2.25434  G-T: 1.00000
Base frequencies:  A: 0.189  C: 0.330  G: 0.311  T: 0.170
Parameters optimization took 3 rounds (0.018 sec)
Computing ML distances based on estimated model parameters... 0.001 sec
Computing BIONJ tree...
0.012 seconds
Log-likelihood of BIONJ tree: -8460.566
--------------------------------------------------------------------
|             INITIALIZING CANDIDATE TREE SET                      |
--------------------------------------------------------------------
Generating 1 parsimony trees... 0.000 second
Current best score: -8460.566

Do NNI search on 1 best initial trees
Finish initializing candidate tree set (1)
Current best tree score: -8460.566 / CPU time: 0.006
Number of iterations: 1
--------------------------------------------------------------------
|               OPTIMIZING CANDIDATE TREE SET                      |
--------------------------------------------------------------------
TREE SEARCH COMPLETED AFTER 2 ITERATIONS / Time: 0h:0m:0s

--------------------------------------------------------------------
|                    FINALIZING TREE SEARCH                        |
--------------------------------------------------------------------
Performs final model parameters optimization
Estimate model parameters (epsilon = 0.050)
1. Initial log-likelihood: -8460.566
Optimal log-likelihood: -8460.565
Rate parameters:  A-C: 0.68267  A-G: 2.11026  A-T: 0.37107  C-G: 0.36585  C-T: 2.25460  G-T: 1.00000
Base frequencies:  A: 0.189  C: 0.330  G: 0.311  T: 0.170
Parameters optimization took 1 rounds (0.002 sec)
BEST SCORE FOUND : -8460.565
Total tree length: 0.745

Total number of iterations: 2
CPU time used for tree search: 0.000 sec (0h:0m:0s)
Wall-clock time used for tree search: 0.014 sec (0h:0m:0s)
Total CPU time used: 0.027 sec (0h:0m:0s)
Total wall-clock time used: 0.106 sec (0h:0m:0s)

Analysis results written to: 
  IQ-TREE report:                Practical1_Data/aligned-delim.fasta.iqtree
  Maximum-likelihood tree:       Practical1_Data/aligned-delim.fasta.treefile
  Likelihood distances:          Practical1_Data/aligned-delim.fasta.mldist
  Screen log file:               Practical1_Data/aligned-delim.fasta.log

Date and Time: Thu Jan 28 17:12:11 2021
